Considering minecraft server jar
Downloading minecraft server version 1.12.2
  ETag: 71728ed3fbd0acd1394bf3ade2649a5c
  MD5:  71728ed3fbd0acd1394bf3ade2649a5c
Considering library net.minecraftforge:forge:1.12.2-14.23.4.2745: Not Downloading {Wrong Side}
Considering library net.minecraft:launchwrapper:1.12
Downloading library net.minecraft:launchwrapper:1.12
Trying unpacked library net.minecraft:launchwrapper:1.12
Considering library org.ow2.asm:asm-all:5.2
Downloading library org.ow2.asm:asm-all:5.2
Trying unpacked library org.ow2.asm:asm-all:5.2
Considering library org.jline:jline:3.5.1
Downloading library org.jline:jline:3.5.1
Trying unpacked library org.jline:jline:3.5.1
Considering library net.java.dev.jna:jna:4.4.0
Downloading library net.java.dev.jna:jna:4.4.0
Trying unpacked library net.java.dev.jna:jna:4.4.0
Considering library com.typesafe.akka:akka-actor_2.11:2.3.3
Downloading library com.typesafe.akka:akka-actor_2.11:2.3.3
Unpacking packed file akka-actor_2.11-2.3.3.jar.pack.xz
  Signed
  Checksum Length: 140942
  Total Length:    2606968
  Temp File:       C:\Users\noskn\AppData\Local\Temp\art14632792308663345998.pack
Successfully unpacked packed file akka-actor_2.11-2.3.3.jar.pack.xz
Checking "E:\GIT\modpack\noskpack1\1.12.2\server\original files\forge installer\libraries\com\typesafe\akka\akka-actor_2.11\2.3.3\akka-actor_2.11-2.3.3.jar" internal checksums
    checksums.sha1 validated successfully
    Jar contents validated successfully
Considering library com.typesafe:config:1.2.1
Downloading library com.typesafe:config:1.2.1
Unpacking packed file config-1.2.1.jar.pack.xz
  Signed
  Checksum Length: 12246
  Total Length:    111476
  Temp File:       C:\Users\noskn\AppData\Local\Temp\art13512652494476528814.pack
Successfully unpacked packed file config-1.2.1.jar.pack.xz
Checking "E:\GIT\modpack\noskpack1\1.12.2\server\original files\forge installer\libraries\com\typesafe\config\1.2.1\config-1.2.1.jar" internal checksums
    checksums.sha1 validated successfully
    Jar contents validated successfully
Considering library org.scala-lang:scala-actors-migration_2.11:1.1.0
Downloading library org.scala-lang:scala-actors-migration_2.11:1.1.0
Unpacking packed file scala-actors-migration_2.11-1.1.0.jar.pack.xz
  Signed
  Checksum Length: 3311
  Total Length:    52481
  Temp File:       C:\Users\noskn\AppData\Local\Temp\art7313208847484606100.pack
Successfully unpacked packed file scala-actors-migration_2.11-1.1.0.jar.pack.xz
Checking "E:\GIT\modpack\noskpack1\1.12.2\server\original files\forge installer\libraries\org\scala-lang\scala-actors-migration_2.11\1.1.0\scala-actors-migration_2.11-1.1.0.jar" internal checksums
    checksums.sha1 validated successfully
    Jar contents validated successfully
Considering library org.scala-lang:scala-compiler:2.11.1
Downloading library org.scala-lang:scala-compiler:2.11.1
Unpacking packed file scala-compiler-2.11.1.jar.pack.xz
  Signed
  Checksum Length: 942120
  Total Length:    9183051
  Temp File:       C:\Users\noskn\AppData\Local\Temp\art1658397569068236864.pack
Successfully unpacked packed file scala-compiler-2.11.1.jar.pack.xz
Checking "E:\GIT\modpack\noskpack1\1.12.2\server\original files\forge installer\libraries\org\scala-lang\scala-compiler\2.11.1\scala-compiler-2.11.1.jar" internal checksums
    checksums.sha1 validated successfully
    Jar contents validated successfully
Considering library org.scala-lang.plugins:scala-continuations-library_2.11:1.0.2
Downloading library org.scala-lang.plugins:scala-continuations-library_2.11:1.0.2
Unpacking packed file scala-continuations-library_2.11-1.0.2.jar.pack.xz
  Signed
  Checksum Length: 2416
  Total Length:    18871
  Temp File:       C:\Users\noskn\AppData\Local\Temp\art13494431915607686669.pack
Successfully unpacked packed file scala-continuations-library_2.11-1.0.2.jar.pack.xz
Checking "E:\GIT\modpack\noskpack1\1.12.2\server\original files\forge installer\libraries\org\scala-lang\plugins\scala-continuations-library_2.11\1.0.2\scala-continuations-library_2.11-1.0.2.jar" internal checksums
    checksums.sha1 validated successfully
    Jar contents validated successfully
Considering library org.scala-lang.plugins:scala-continuations-plugin_2.11.1:1.0.2
Downloading library org.scala-lang.plugins:scala-continuations-plugin_2.11.1:1.0.2
Unpacking packed file scala-continuations-plugin_2.11.1-1.0.2.jar.pack.xz
  Signed
  Checksum Length: 16815
  Total Length:    139418
  Temp File:       C:\Users\noskn\AppData\Local\Temp\art11953782475173207827.pack
Successfully unpacked packed file scala-continuations-plugin_2.11.1-1.0.2.jar.pack.xz
Checking "E:\GIT\modpack\noskpack1\1.12.2\server\original files\forge installer\libraries\org\scala-lang\plugins\scala-continuations-plugin_2.11.1\1.0.2\scala-continuations-plugin_2.11.1-1.0.2.jar" internal checksums
    checksums.sha1 validated successfully
    Jar contents validated successfully
Considering library org.scala-lang:scala-library:2.11.1
Downloading library org.scala-lang:scala-library:2.11.1
Unpacking packed file scala-library-2.11.1.jar.pack.xz
  Signed
  Checksum Length: 341368
  Total Length:    5984083
  Temp File:       C:\Users\noskn\AppData\Local\Temp\art267302004429978857.pack
Successfully unpacked packed file scala-library-2.11.1.jar.pack.xz
Checking "E:\GIT\modpack\noskpack1\1.12.2\server\original files\forge installer\libraries\org\scala-lang\scala-library\2.11.1\scala-library-2.11.1.jar" internal checksums
    checksums.sha1 validated successfully
    Jar contents validated successfully
Considering library org.scala-lang:scala-parser-combinators_2.11:1.0.1
Downloading library org.scala-lang:scala-parser-combinators_2.11:1.0.1
Unpacking packed file scala-parser-combinators_2.11-1.0.1.jar.pack.xz
  Signed
  Checksum Length: 37614
  Total Length:    273457
  Temp File:       C:\Users\noskn\AppData\Local\Temp\art13180055981427529020.pack
Successfully unpacked packed file scala-parser-combinators_2.11-1.0.1.jar.pack.xz
Checking "E:\GIT\modpack\noskpack1\1.12.2\server\original files\forge installer\libraries\org\scala-lang\scala-parser-combinators_2.11\1.0.1\scala-parser-combinators_2.11-1.0.1.jar" internal checksums
    checksums.sha1 validated successfully
    Jar contents validated successfully
Considering library org.scala-lang:scala-reflect:2.11.1
Downloading library org.scala-lang:scala-reflect:2.11.1
Unpacking packed file scala-reflect-2.11.1.jar.pack.xz
  Signed
  Checksum Length: 291610
  Total Length:    3217021
  Temp File:       C:\Users\noskn\AppData\Local\Temp\art2622584672088282644.pack
Successfully unpacked packed file scala-reflect-2.11.1.jar.pack.xz
Checking "E:\GIT\modpack\noskpack1\1.12.2\server\original files\forge installer\libraries\org\scala-lang\scala-reflect\2.11.1\scala-reflect-2.11.1.jar" internal checksums
    checksums.sha1 validated successfully
    Jar contents validated successfully
Considering library org.scala-lang:scala-swing_2.11:1.0.1
Downloading library org.scala-lang:scala-swing_2.11:1.0.1
Unpacking packed file scala-swing_2.11-1.0.1.jar.pack.xz
  Signed
  Checksum Length: 39019
  Total Length:    888907
  Temp File:       C:\Users\noskn\AppData\Local\Temp\art3261068486142584246.pack
Successfully unpacked packed file scala-swing_2.11-1.0.1.jar.pack.xz
Checking "E:\GIT\modpack\noskpack1\1.12.2\server\original files\forge installer\libraries\org\scala-lang\scala-swing_2.11\1.0.1\scala-swing_2.11-1.0.1.jar" internal checksums
    checksums.sha1 validated successfully
    Jar contents validated successfully
Considering library org.scala-lang:scala-xml_2.11:1.0.2
Downloading library org.scala-lang:scala-xml_2.11:1.0.2
Unpacking packed file scala-xml_2.11-1.0.2.jar.pack.xz
  Signed
  Checksum Length: 35380
  Total Length:    739509
  Temp File:       C:\Users\noskn\AppData\Local\Temp\art9570521580703710730.pack
Successfully unpacked packed file scala-xml_2.11-1.0.2.jar.pack.xz
Checking "E:\GIT\modpack\noskpack1\1.12.2\server\original files\forge installer\libraries\org\scala-lang\scala-xml_2.11\1.0.2\scala-xml_2.11-1.0.2.jar" internal checksums
    checksums.sha1 validated successfully
    Jar contents validated successfully
Considering library lzma:lzma:0.0.1
Downloading library lzma:lzma:0.0.1
Trying unpacked library lzma:lzma:0.0.1
Considering library net.sf.jopt-simple:jopt-simple:5.0.3
Downloading library net.sf.jopt-simple:jopt-simple:5.0.3
Trying unpacked library net.sf.jopt-simple:jopt-simple:5.0.3
Considering library java3d:vecmath:1.5.2
Downloading library java3d:vecmath:1.5.2
Trying unpacked library java3d:vecmath:1.5.2
Considering library net.sf.trove4j:trove4j:3.0.3
Downloading library net.sf.trove4j:trove4j:3.0.3
Trying unpacked library net.sf.trove4j:trove4j:3.0.3
Considering library org.apache.maven:maven-artifact:3.5.3
Downloading library org.apache.maven:maven-artifact:3.5.3
Trying unpacked library org.apache.maven:maven-artifact:3.5.3
