[20:14:09] [Server thread/INFO]: Starting minecraft server version 1.12.2
[20:14:09] [Server thread/INFO]: Loading properties
[20:14:09] [Server console handler/ERROR]: Exception handling console input
java.io.IOException: Ugyldig referanse
	at java.io.FileInputStream.readBytes(Native Method) ~[?:?]
	at java.io.FileInputStream.read(Unknown Source) ~[?:?]
	at java.io.BufferedInputStream.read1(Unknown Source) ~[?:?]
	at java.io.BufferedInputStream.read(Unknown Source) ~[?:?]
	at sun.nio.cs.StreamDecoder.readBytes(Unknown Source) ~[?:?]
	at sun.nio.cs.StreamDecoder.implRead(Unknown Source) ~[?:?]
	at sun.nio.cs.StreamDecoder.read(Unknown Source) ~[?:?]
	at java.io.InputStreamReader.read(Unknown Source) ~[?:?]
	at java.io.BufferedReader.fill(Unknown Source) ~[?:?]
	at java.io.BufferedReader.readLine(Unknown Source) ~[?:?]
	at java.io.BufferedReader.readLine(Unknown Source) ~[?:?]
	at nz$2.run(SourceFile:100) [minecraft_server.1.12.2.jar:?]
[20:14:09] [Server thread/INFO]: Default game type: SURVIVAL
[20:14:09] [Server thread/INFO]: Generating keypair
[20:14:09] [Server thread/INFO]: Starting Minecraft server on *:25565
[20:14:09] [Server thread/INFO]: Using default channel type
[20:14:09] [Server thread/INFO]: Preparing level "world"
[20:14:10] [Server thread/INFO]: Loaded 488 advancements
[20:14:10] [Server thread/INFO]: Preparing start region for level 0
[20:14:11] [Server thread/INFO]: Preparing spawn area: 7%
[20:14:12] [Server thread/INFO]: Preparing spawn area: 13%
[20:14:13] [Server thread/INFO]: Preparing spawn area: 18%
[20:14:14] [Server thread/INFO]: Preparing spawn area: 23%
[20:14:15] [Server thread/INFO]: Preparing spawn area: 30%
[20:14:16] [Server thread/INFO]: Preparing spawn area: 37%
[20:14:17] [Server thread/INFO]: Preparing spawn area: 47%
[20:14:18] [Server thread/INFO]: Preparing spawn area: 58%
[20:14:19] [Server thread/INFO]: Preparing spawn area: 68%
[20:14:20] [Server thread/INFO]: Preparing spawn area: 79%
[20:14:21] [Server thread/INFO]: Preparing spawn area: 88%
[20:14:22] [Server thread/INFO]: Preparing spawn area: 99%
[20:14:22] [Server thread/INFO]: Done (12,997s)! For help, type "help" or "?"
[20:14:55] [Server thread/INFO]: Unknown command. Try /help for a list of commands
[20:15:00] [Server thread/INFO]: Unknown command. Try /help for a list of commands
[20:15:03] [Server thread/INFO]: Stopping server
[20:15:03] [Server thread/INFO]: Saving players
[20:15:03] [Server thread/INFO]: Saving worlds
[20:15:03] [Server thread/INFO]: Saving chunks for level 'world'/overworld
[20:15:03] [Server Shutdown Thread/INFO]: Stopping server
[20:15:03] [Server Shutdown Thread/INFO]: Saving players
[20:15:03] [Server Shutdown Thread/INFO]: Saving worlds
[20:15:03] [Server Shutdown Thread/INFO]: Saving chunks for level 'world'/overworld
